# JRE version: OpenJDK Runtime Environment (8.0_242-b01) (build 1.8.0_242-release-1644-b01)
# Java VM: OpenJDK 64-Bit Server VM (25.242-b01 mixed mode windows-amd64 compressed oops)
Heap:
 PSYoungGen      total 312832K, used 113271K [0x00000000e0000000, 0x00000000faa00000, 0x0000000100000000)
  eden space 276992K, 40% used [0x00000000e0000000,0x00000000e6e9de48,0x00000000f0e80000)
  from space 35840K, 0% used [0x00000000f4780000,0x00000000f4780000,0x00000000f6a80000)
  to   space 58368K, 0% used [0x00000000f0e80000,0x00000000f0e80000,0x00000000f4780000)
 ParOldGen       total 158720K, used 158360K [0x00000000a0000000, 0x00000000a9b00000, 0x00000000e0000000)
  object space 158720K, 99% used [0x00000000a0000000,0x00000000a9aa61f0,0x00000000a9b00000)
 Metaspace       used 87534K, capacity 91432K, committed 96944K, reserved 1132544K
  class space    used 11493K, capacity 12268K, committed 12976K, reserved 1048576K
GC Heap History (10 events):
Event: 330.526 GC heap before
{Heap before GC invocations=27 (full 4):
 PSYoungGen      total 264192K, used 258441K [0x00000000e0000000, 0x00000000f3b80000, 0x0000000100000000)
  eden space 244224K, 100% used [0x00000000e0000000,0x00000000eee80000,0x00000000eee80000)
  from space 19968K, 71% used [0x00000000f0f80000,0x00000000f1d625d8,0x00000000f2300000)
  to   space 33792K, 0% used [0x00000000eee80000,0x00000000eee80000,0x00000000f0f80000)
 ParOldGen       total 158720K, used 90162K [0x00000000a0000000, 0x00000000a9b00000, 0x00000000e0000000)
  object space 158720K, 56% used [0x00000000a0000000,0x00000000a580cab8,0x00000000a9b00000)
 Metaspace       used 82569K, capacity 85626K, committed 85680K, reserved 1124352K
  class space    used 10758K, capacity 11433K, committed 11440K, reserved 1048576K
Event: 338.561 GC heap after
Heap after GC invocations=27 (full 4):
 PSYoungGen      total 278016K, used 24192K [0x00000000e0000000, 0x00000000f6a80000, 0x0000000100000000)
  eden space 244224K, 0% used [0x00000000e0000000,0x00000000e0000000,0x00000000eee80000)
  from space 33792K, 71% used [0x00000000eee80000,0x00000000f06203e8,0x00000000f0f80000)
  to   space 35840K, 0% used [0x00000000f4780000,0x00000000f4780000,0x00000000f6a80000)
 ParOldGen       total 158720K, used 103327K [0x00000000a0000000, 0x00000000a9b00000, 0x00000000e0000000)
  object space 158720K, 65% used [0x00000000a0000000,0x00000000a64e7dc0,0x00000000a9b00000)
 Metaspace       used 82569K, capacity 85626K, committed 85680K, reserved 1124352K
  class space    used 10758K, capacity 11433K, committed 11440K, reserved 1048576K
}
Event: 357.257 GC heap before
{Heap before GC invocations=28 (full 4):
 PSYoungGen      total 278016K, used 268399K [0x00000000e0000000, 0x00000000f6a80000, 0x0000000100000000)
  eden space 244224K, 99% used [0x00000000e0000000,0x00000000eee7bc10,0x00000000eee80000)
  from space 33792K, 71% used [0x00000000eee80000,0x00000000f06203e8,0x00000000f0f80000)
  to   space 35840K, 0% used [0x00000000f4780000,0x00000000f4780000,0x00000000f6a80000)
 ParOldGen       total 158720K, used 103327K [0x00000000a0000000, 0x00000000a9b00000, 0x00000000e0000000)
  object space 158720K, 65% used [0x00000000a0000000,0x00000000a64e7dc0,0x00000000a9b00000)
 Metaspace       used 90012K, capacity 93602K, committed 93872K, reserved 1130496K
  class space    used 11847K, capacity 12593K, committed 12720K, reserved 1048576K
Event: 367.371 GC heap after
Heap after GC invocations=28 (full 4):
 PSYoungGen      total 312832K, used 35827K [0x00000000e0000000, 0x00000000faa00000, 0x0000000100000000)
  eden space 276992K, 0% used [0x00000000e0000000,0x00000000e0000000,0x00000000f0e80000)
  from space 35840K, 99% used [0x00000000f4780000,0x00000000f6a7cea0,0x00000000f6a80000)
  to   space 58368K, 0% used [0x00000000f0e80000,0x00000000f0e80000,0x00000000f4780000)
 ParOldGen       total 158720K, used 148216K [0x00000000a0000000, 0x00000000a9b00000, 0x00000000e0000000)
  object space 158720K, 93% used [0x00000000a0000000,0x00000000a90be0a0,0x00000000a9b00000)
 Metaspace       used 90012K, capacity 93602K, committed 93872K, reserved 1130496K
  class space    used 11847K, capacity 12593K, committed 12720K, reserved 1048576K
}
Event: 367.372 GC heap before
{Heap before GC invocations=29 (full 5):
 PSYoungGen      total 312832K, used 35827K [0x00000000e0000000, 0x00000000faa00000, 0x0000000100000000)
  eden space 276992K, 0% used [0x00000000e0000000,0x00000000e0000000,0x00000000f0e80000)
  from space 35840K, 99% used [0x00000000f4780000,0x00000000f6a7cea0,0x00000000f6a80000)
  to   space 58368K, 0% used [0x00000000f0e80000,0x00000000f0e80000,0x00000000f4780000)
 ParOldGen       total 158720K, used 148216K [0x00000000a0000000, 0x00000000a9b00000, 0x00000000e0000000)
  object space 158720K, 93% used [0x00000000a0000000,0x00000000a90be0a0,0x00000000a9b00000)
 Metaspace       used 90012K, capacity 93602K, committed 93872K, reserved 1130496K
  class space    used 11847K, capacity 12593K, committed 12720K, reserved 1048576K
Event: 385.935 GC heap after
Heap after GC invocations=29 (full 5):
 PSYoungGen      total 312832K, used 0K [0x00000000e0000000, 0x00000000faa00000, 0x0000000100000000)
  eden space 276992K, 0% used [0x00000000e0000000,0x00000000e0000000,0x00000000f0e80000)
  from space 35840K, 0% used [0x00000000f4780000,0x00000000f4780000,0x00000000f6a80000)
  to   space 58368K, 0% used [0x00000000f0e80000,0x00000000f0e80000,0x00000000f4780000)
 ParOldGen       total 158720K, used 145181K [0x00000000a0000000, 0x00000000a9b00000, 0x00000000e0000000)
  object space 158720K, 91% used [0x00000000a0000000,0x00000000a8dc77a8,0x00000000a9b00000)
 Metaspace       used 89959K, capacity 93474K, committed 93872K, reserved 1130496K
  class space    used 11830K, capacity 12563K, committed 12720K, reserved 1048576K
}
Event: 433.196 GC heap before
{Heap before GC invocations=30 (full 6):
 PSYoungGen      total 312832K, used 276992K [0x00000000e0000000, 0x00000000faa00000, 0x0000000100000000)
  eden space 276992K, 100% used [0x00000000e0000000,0x00000000f0e80000,0x00000000f0e80000)
  from space 35840K, 0% used [0x00000000f4780000,0x00000000f4780000,0x00000000f6a80000)
  to   space 58368K, 0% used [0x00000000f0e80000,0x00000000f0e80000,0x00000000f4780000)
 ParOldGen       total 158720K, used 145181K [0x00000000a0000000, 0x00000000a9b00000, 0x00000000e0000000)
  object space 158720K, 91% used [0x00000000a0000000,0x00000000a8dc77a8,0x00000000a9b00000)
 Metaspace       used 92715K, capacity 96546K, committed 96688K, reserved 1132544K
  class space    used 12082K, capacity 12861K, committed 12976K, reserved 1048576K
Event: 454.583 GC heap after
Heap after GC invocations=30 (full 6):
 PSYoungGen      total 312832K, used 38318K [0x00000000e0000000, 0x00000000faa00000, 0x0000000100000000)
  eden space 276992K, 13% used [0x00000000e0000000,0x00000000e256b800,0x00000000f0e80000)
  from space 35840K, 0% used [0x00000000f4780000,0x00000000f4780000,0x00000000f6a80000)
  to   space 58368K, 0% used [0x00000000f0e80000,0x00000000f0e80000,0x00000000f4780000)
 ParOldGen       total 158720K, used 158568K [0x00000000a0000000, 0x00000000a9b00000, 0x00000000e0000000)
  object space 158720K, 99% used [0x00000000a0000000,0x00000000a9ada3a8,0x00000000a9b00000)
 Metaspace       used 86985K, capacity 90752K, committed 96688K, reserved 1132544K
  class space    used 11437K, capacity 12208K, committed 12976K, reserved 1048576K
}
Event: 462.894 GC heap before
{Heap before GC invocations=31 (full 7):
 PSYoungGen      total 312832K, used 276992K [0x00000000e0000000, 0x00000000faa00000, 0x0000000100000000)
  eden space 276992K, 100% used [0x00000000e0000000,0x00000000f0e80000,0x00000000f0e80000)
  from space 35840K, 0% used [0x00000000f4780000,0x00000000f4780000,0x00000000f6a80000)
  to   space 58368K, 0% used [0x00000000f0e80000,0x00000000f0e80000,0x00000000f4780000)
 ParOldGen       total 158720K, used 158568K [0x00000000a0000000, 0x00000000a9b00000, 0x00000000e0000000)
  object space 158720K, 99% used [0x00000000a0000000,0x00000000a9ada3a8,0x00000000a9b00000)
 Metaspace       used 87501K, capacity 91424K, committed 96944K, reserved 1132544K
  class space    used 11492K, capacity 12268K, committed 12976K, reserved 1048576K
Event: 489.356 GC heap after
Heap after GC invocations=31 (full 7):
 PSYoungGen      total 312832K, used 56391K [0x00000000e0000000, 0x00000000faa00000, 0x0000000100000000)
  eden space 276992K, 20% used [0x00000000e0000000,0x00000000e3711e50,0x00000000f0e80000)
  from space 35840K, 0% used [0x00000000f4780000,0x00000000f4780000,0x00000000f6a80000)
  to   space 58368K, 0% used [0x00000000f0e80000,0x00000000f0e80000,0x00000000f4780000)
 ParOldGen       total 158720K, used 158360K [0x00000000a0000000, 0x00000000a9b00000, 0x00000000e0000000)
  object space 158720K, 99% used [0x00000000a0000000,0x00000000a9aa61f0,0x00000000a9b00000)
 Metaspace       used 87501K, capacity 91424K, committed 96944K, reserved 1132544K
  class space    used 11492K, capacity 12268K, committed 12976K, reserved 1048576K
}

