# JRE version: OpenJDK Runtime Environment (8.0_242-b01) (build 1.8.0_242-release-1644-b01)
# Java VM: OpenJDK 64-Bit Server VM (25.242-b01 mixed mode windows-amd64 compressed oops)
Heap:
 PSYoungGen      total 453120K, used 155883K [0x00000000e0000000, 0x0000000100000000, 0x0000000100000000)
  eden space 429056K, 30% used [0x00000000e0000000,0x00000000e80bdae0,0x00000000fa300000)
  from space 24064K, 99% used [0x00000000fa300000,0x00000000fba7d288,0x00000000fba80000)
  to   space 31232K, 0% used [0x00000000fe180000,0x00000000fe180000,0x0000000100000000)
 ParOldGen       total 102400K, used 65862K [0x00000000a0000000, 0x00000000a6400000, 0x00000000e0000000)
  object space 102400K, 64% used [0x00000000a0000000,0x00000000a4051b70,0x00000000a6400000)
 Metaspace       used 83185K, capacity 86242K, committed 86568K, reserved 1124352K
  class space    used 10797K, capacity 11473K, committed 11568K, reserved 1048576K
GC Heap History (10 events):
Event: 66.745 GC heap before
{Heap before GC invocations=15 (full 3):
 PSYoungGen      total 320512K, used 11468K [0x00000000e0000000, 0x00000000f4e00000, 0x0000000100000000)
  eden space 301568K, 0% used [0x00000000e0000000,0x00000000e0000000,0x00000000f2680000)
  from space 18944K, 60% used [0x00000000f3980000,0x00000000f44b31b8,0x00000000f4c00000)
  to   space 19456K, 0% used [0x00000000f2680000,0x00000000f2680000,0x00000000f3980000)
 ParOldGen       total 40448K, used 39527K [0x00000000a0000000, 0x00000000a2780000, 0x00000000e0000000)
  object space 40448K, 97% used [0x00000000a0000000,0x00000000a2699c88,0x00000000a2780000)
 Metaspace       used 57020K, capacity 59104K, committed 59160K, reserved 1099776K
  class space    used 7830K, capacity 8346K, committed 8368K, reserved 1048576K
Event: 68.658 GC heap after
Heap after GC invocations=15 (full 3):
 PSYoungGen      total 320512K, used 3501K [0x00000000e0000000, 0x00000000f4e00000, 0x0000000100000000)
  eden space 301568K, 0% used [0x00000000e0000000,0x00000000e0000000,0x00000000f2680000)
  from space 18944K, 18% used [0x00000000f3980000,0x00000000f3ceb5f0,0x00000000f4c00000)
  to   space 19456K, 0% used [0x00000000f2680000,0x00000000f2680000,0x00000000f3980000)
 ParOldGen       total 75264K, used 40166K [0x00000000a0000000, 0x00000000a4980000, 0x00000000e0000000)
  object space 75264K, 53% used [0x00000000a0000000,0x00000000a27398a8,0x00000000a4980000)
 Metaspace       used 57020K, capacity 59104K, committed 59160K, reserved 1099776K
  class space    used 7830K, capacity 8346K, committed 8368K, reserved 1048576K
}
Event: 99.672 GC heap before
{Heap before GC invocations=16 (full 3):
 PSYoungGen      total 320512K, used 305069K [0x00000000e0000000, 0x00000000f4e00000, 0x0000000100000000)
  eden space 301568K, 100% used [0x00000000e0000000,0x00000000f2680000,0x00000000f2680000)
  from space 18944K, 18% used [0x00000000f3980000,0x00000000f3ceb5f0,0x00000000f4c00000)
  to   space 19456K, 0% used [0x00000000f2680000,0x00000000f2680000,0x00000000f3980000)
 ParOldGen       total 75264K, used 40166K [0x00000000a0000000, 0x00000000a4980000, 0x00000000e0000000)
  object space 75264K, 53% used [0x00000000a0000000,0x00000000a27398a8,0x00000000a4980000)
 Metaspace       used 63121K, capacity 65982K, committed 66216K, reserved 1105920K
  class space    used 8642K, capacity 9265K, committed 9392K, reserved 1048576K
Event: 103.306 GC heap after
Heap after GC invocations=16 (full 3):
 PSYoungGen      total 321024K, used 19437K [0x00000000e0000000, 0x00000000fda80000, 0x0000000100000000)
  eden space 301568K, 0% used [0x00000000e0000000,0x00000000e0000000,0x00000000f2680000)
  from space 19456K, 99% used [0x00000000f2680000,0x00000000f397b520,0x00000000f3980000)
  to   space 24576K, 0% used [0x00000000fc280000,0x00000000fc280000,0x00000000fda80000)
 ParOldGen       total 75264K, used 46042K [0x00000000a0000000, 0x00000000a4980000, 0x00000000e0000000)
  object space 75264K, 61% used [0x00000000a0000000,0x00000000a2cf69d8,0x00000000a4980000)
 Metaspace       used 63121K, capacity 65982K, committed 66216K, reserved 1105920K
  class space    used 8642K, capacity 9265K, committed 9392K, reserved 1048576K
}
Event: 132.170 GC heap before
{Heap before GC invocations=17 (full 3):
 PSYoungGen      total 321024K, used 321005K [0x00000000e0000000, 0x00000000fda80000, 0x0000000100000000)
  eden space 301568K, 100% used [0x00000000e0000000,0x00000000f2680000,0x00000000f2680000)
  from space 19456K, 99% used [0x00000000f2680000,0x00000000f397b520,0x00000000f3980000)
  to   space 24576K, 0% used [0x00000000fc280000,0x00000000fc280000,0x00000000fda80000)
 ParOldGen       total 75264K, used 46042K [0x00000000a0000000, 0x00000000a4980000, 0x00000000e0000000)
  object space 75264K, 61% used [0x00000000a0000000,0x00000000a2cf69d8,0x00000000a4980000)
 Metaspace       used 66029K, capacity 68956K, committed 69288K, reserved 1110016K
  class space    used 8925K, capacity 9566K, committed 9648K, reserved 1048576K
Event: 132.767 GC heap after
Heap after GC invocations=17 (full 3):
 PSYoungGen      total 444928K, used 6051K [0x00000000e0000000, 0x00000000fd200000, 0x0000000100000000)
  eden space 429056K, 0% used [0x00000000e0000000,0x00000000e0000000,0x00000000fa300000)
  from space 15872K, 38% used [0x00000000fc280000,0x00000000fc868d20,0x00000000fd200000)
  to   space 24064K, 0% used [0x00000000fa300000,0x00000000fa300000,0x00000000fba80000)
 ParOldGen       total 75264K, used 65256K [0x00000000a0000000, 0x00000000a4980000, 0x00000000e0000000)
  object space 75264K, 86% used [0x00000000a0000000,0x00000000a3fba108,0x00000000a4980000)
 Metaspace       used 66029K, capacity 68956K, committed 69288K, reserved 1110016K
  class space    used 8925K, capacity 9566K, committed 9648K, reserved 1048576K
}
Event: 132.767 GC heap before
{Heap before GC invocations=18 (full 4):
 PSYoungGen      total 444928K, used 6051K [0x00000000e0000000, 0x00000000fd200000, 0x0000000100000000)
  eden space 429056K, 0% used [0x00000000e0000000,0x00000000e0000000,0x00000000fa300000)
  from space 15872K, 38% used [0x00000000fc280000,0x00000000fc868d20,0x00000000fd200000)
  to   space 24064K, 0% used [0x00000000fa300000,0x00000000fa300000,0x00000000fba80000)
 ParOldGen       total 75264K, used 65256K [0x00000000a0000000, 0x00000000a4980000, 0x00000000e0000000)
  object space 75264K, 86% used [0x00000000a0000000,0x00000000a3fba108,0x00000000a4980000)
 Metaspace       used 66029K, capacity 68956K, committed 69288K, reserved 1110016K
  class space    used 8925K, capacity 9566K, committed 9648K, reserved 1048576K
Event: 136.368 GC heap after
Heap after GC invocations=18 (full 4):
 PSYoungGen      total 444928K, used 0K [0x00000000e0000000, 0x00000000fd200000, 0x0000000100000000)
  eden space 429056K, 0% used [0x00000000e0000000,0x00000000e0000000,0x00000000fa300000)
  from space 15872K, 0% used [0x00000000fc280000,0x00000000fc280000,0x00000000fd200000)
  to   space 24064K, 0% used [0x00000000fa300000,0x00000000fa300000,0x00000000fba80000)
 ParOldGen       total 102400K, used 56742K [0x00000000a0000000, 0x00000000a6400000, 0x00000000e0000000)
  object space 102400K, 55% used [0x00000000a0000000,0x00000000a3769890,0x00000000a6400000)
 Metaspace       used 65909K, capacity 68594K, committed 69288K, reserved 1110016K
  class space    used 8888K, capacity 9501K, committed 9648K, reserved 1048576K
}
Event: 282.811 GC heap before
{Heap before GC invocations=19 (full 4):
 PSYoungGen      total 444928K, used 429056K [0x00000000e0000000, 0x00000000fd200000, 0x0000000100000000)
  eden space 429056K, 100% used [0x00000000e0000000,0x00000000fa300000,0x00000000fa300000)
  from space 15872K, 0% used [0x00000000fc280000,0x00000000fc280000,0x00000000fd200000)
  to   space 24064K, 0% used [0x00000000fa300000,0x00000000fa300000,0x00000000fba80000)
 ParOldGen       total 102400K, used 56742K [0x00000000a0000000, 0x00000000a6400000, 0x00000000e0000000)
  object space 102400K, 55% used [0x00000000a0000000,0x00000000a3769890,0x00000000a6400000)
 Metaspace       used 81513K, capacity 84454K, committed 84904K, reserved 1122304K
  class space    used 10665K, capacity 11331K, committed 11440K, reserved 1048576K
Event: 285.713 GC heap after
Heap after GC invocations=19 (full 4):
 PSYoungGen      total 453120K, used 24052K [0x00000000e0000000, 0x0000000100000000, 0x0000000100000000)
  eden space 429056K, 0% used [0x00000000e0000000,0x00000000e0000000,0x00000000fa300000)
  from space 24064K, 99% used [0x00000000fa300000,0x00000000fba7d288,0x00000000fba80000)
  to   space 31232K, 0% used [0x00000000fe180000,0x00000000fe180000,0x0000000100000000)
 ParOldGen       total 102400K, used 65862K [0x00000000a0000000, 0x00000000a6400000, 0x00000000e0000000)
  object space 102400K, 64% used [0x00000000a0000000,0x00000000a4051b70,0x00000000a6400000)
 Metaspace       used 81513K, capacity 84454K, committed 84904K, reserved 1122304K
  class space    used 10665K, capacity 11331K, committed 11440K, reserved 1048576K
}

